[2024-07-19 10:20:16Z INFO HostContext] No proxy settings were found based on environmental variables (http_proxy/https_proxy/HTTP_PROXY/HTTPS_PROXY)
[2024-07-19 10:20:16Z INFO HostContext] Well known directory 'Bin': '/root/hello/bin'
[2024-07-19 10:20:16Z INFO HostContext] Well known directory 'Root': '/root/hello'
[2024-07-19 10:20:16Z INFO HostContext] Well known config file 'Credentials': '/root/hello/.credentials'
[2024-07-19 10:20:16Z INFO HostContext] Well known directory 'Bin': '/root/hello/bin'
[2024-07-19 10:20:16Z INFO HostContext] Well known directory 'Root': '/root/hello'
[2024-07-19 10:20:16Z INFO HostContext] Well known config file 'Runner': '/root/hello/.runner'
[2024-07-19 10:20:16Z INFO Listener] Runner is built for Linux (X64) - linux-x64.
[2024-07-19 10:20:16Z INFO Listener] RuntimeInformation: Linux 6.8.0-38-generic #38-Ubuntu SMP PREEMPT_DYNAMIC Fri Jun  7 15:25:01 UTC 2024.
[2024-07-19 10:20:16Z INFO Listener] Version: 2.317.0
[2024-07-19 10:20:16Z INFO Listener] Commit: 6dc005ee3690a0303e0d7269b6f60295d22dcfad
[2024-07-19 10:20:16Z INFO Listener] Culture: en-US
[2024-07-19 10:20:16Z INFO Listener] UI Culture: en-US
[2024-07-19 10:20:16Z INFO HostContext] Well known directory 'Bin': '/root/hello/bin'
[2024-07-19 10:20:16Z INFO HostContext] Well known directory 'Root': '/root/hello'
[2024-07-19 10:20:16Z INFO Listener] Validating directory permissions for: '/root/hello'
[2024-07-19 10:20:16Z INFO CommandLineParser] Parse
[2024-07-19 10:20:16Z INFO CommandLineParser] Parsing 1 args
[2024-07-19 10:20:16Z INFO CommandLineParser] parsing argument
[2024-07-19 10:20:16Z INFO CommandLineParser] HasArgs: False
[2024-07-19 10:20:16Z INFO CommandLineParser] Adding Command: run
[2024-07-19 10:20:16Z INFO Listener] Arguments parsed
[2024-07-19 10:20:16Z INFO Runner] ExecuteCommand
[2024-07-19 10:20:16Z INFO ConfigurationStore] currentAssemblyLocation: /root/hello/bin/Runner.Listener.dll
[2024-07-19 10:20:16Z INFO HostContext] Well known directory 'Bin': '/root/hello/bin'
[2024-07-19 10:20:16Z INFO ConfigurationStore] binPath: /root/hello/bin
[2024-07-19 10:20:16Z INFO HostContext] Well known directory 'Bin': '/root/hello/bin'
[2024-07-19 10:20:16Z INFO HostContext] Well known directory 'Root': '/root/hello'
[2024-07-19 10:20:16Z INFO ConfigurationStore] RootFolder: /root/hello
[2024-07-19 10:20:16Z INFO HostContext] Well known directory 'Bin': '/root/hello/bin'
[2024-07-19 10:20:16Z INFO HostContext] Well known directory 'Root': '/root/hello'
[2024-07-19 10:20:16Z INFO HostContext] Well known config file 'Runner': '/root/hello/.runner'
[2024-07-19 10:20:16Z INFO ConfigurationStore] ConfigFilePath: /root/hello/.runner
[2024-07-19 10:20:16Z INFO HostContext] Well known directory 'Bin': '/root/hello/bin'
[2024-07-19 10:20:16Z INFO HostContext] Well known directory 'Root': '/root/hello'
[2024-07-19 10:20:16Z INFO HostContext] Well known config file 'Credentials': '/root/hello/.credentials'
[2024-07-19 10:20:16Z INFO ConfigurationStore] CredFilePath: /root/hello/.credentials
[2024-07-19 10:20:16Z INFO HostContext] Well known directory 'Bin': '/root/hello/bin'
[2024-07-19 10:20:16Z INFO HostContext] Well known directory 'Root': '/root/hello'
[2024-07-19 10:20:16Z INFO HostContext] Well known config file 'MigratedCredentials': '/root/hello/.credentials_migrated'
[2024-07-19 10:20:16Z INFO ConfigurationStore] MigratedCredFilePath: /root/hello/.credentials_migrated
[2024-07-19 10:20:16Z INFO HostContext] Well known directory 'Bin': '/root/hello/bin'
[2024-07-19 10:20:16Z INFO HostContext] Well known directory 'Root': '/root/hello'
[2024-07-19 10:20:16Z INFO HostContext] Well known config file 'Service': '/root/hello/.service'
[2024-07-19 10:20:16Z INFO ConfigurationStore] ServiceConfigFilePath: /root/hello/.service
[2024-07-19 10:20:16Z INFO CommandSettings] Flag 'help': 'False'
[2024-07-19 10:20:16Z INFO CommandSettings] Flag 'version': 'False'
[2024-07-19 10:20:16Z INFO CommandSettings] Flag 'commit': 'False'
[2024-07-19 10:20:16Z INFO CommandSettings] Flag 'check': 'False'
[2024-07-19 10:20:16Z INFO CommandSettings] Command 'configure': 'False'
[2024-07-19 10:20:16Z INFO CommandSettings] Command 'remove': 'False'
[2024-07-19 10:20:16Z INFO CommandSettings] Command 'warmup': 'False'
[2024-07-19 10:20:16Z INFO ConfigurationManager] LoadSettings
[2024-07-19 10:20:16Z INFO ConfigurationStore] IsConfigured()
[2024-07-19 10:20:16Z INFO ConfigurationStore] IsConfigured: True
[2024-07-19 10:20:16Z INFO ConfigurationManager] Is configured: True
[2024-07-19 10:20:16Z INFO ConfigurationStore] Read setting file: 289 chars
[2024-07-19 10:20:16Z INFO ConfigurationManager] Settings Loaded
[2024-07-19 10:20:16Z INFO ConfigurationStore] IsServiceConfigured()
[2024-07-19 10:20:16Z INFO ConfigurationStore] IsServiceConfigured: False
[2024-07-19 10:20:16Z INFO CommandSettings] Command 'run': 'True'
[2024-07-19 10:20:16Z INFO ConfigurationStore] IsConfigured()
[2024-07-19 10:20:16Z INFO ConfigurationStore] IsConfigured: True
[2024-07-19 10:20:16Z INFO ConfigurationManager] Is configured: True
[2024-07-19 10:20:16Z INFO Runner] Could not parse the argument value '' for StartupType. Defaulting to Manual
[2024-07-19 10:20:16Z INFO Runner] Set runner startup type - Manual
[2024-07-19 10:20:16Z INFO CommandSettings] Flag 'once': 'False'
[2024-07-19 10:20:16Z INFO CommandSettings] Flag 'once': 'False'
[2024-07-19 10:20:16Z INFO Runner] RunAsync
[2024-07-19 10:20:16Z INFO ConfigurationManager] LoadSettings
[2024-07-19 10:20:16Z INFO ConfigurationStore] IsConfigured()
[2024-07-19 10:20:16Z INFO ConfigurationStore] IsConfigured: True
[2024-07-19 10:20:16Z INFO ConfigurationManager] Is configured: True
[2024-07-19 10:20:16Z INFO ConfigurationManager] Settings Loaded
[2024-07-19 10:20:16Z INFO MessageListener] {
  "AgentId": 2,
  "AgentName": "vultr",
  "PoolId": 1,
  "PoolName": "Default",
  "ServerUrl": "https://pipelinesghubeus14.actions.githubusercontent.com/ELSn8O8X3PlR8KYXXq1PVKoxVptAGb8tWZymd1URUCsrTafI7z/",
  "GitHubUrl": "https://github.com/vultrsmile4/hello",
  "WorkFolder": "_work"
}
[2024-07-19 10:20:16Z INFO MessageListener] Loading Credentials
[2024-07-19 10:20:16Z INFO ConfigurationStore] HasCredentials()
[2024-07-19 10:20:16Z INFO ConfigurationStore] stored True
[2024-07-19 10:20:16Z INFO CredentialManager] GetCredentialProvider
[2024-07-19 10:20:16Z INFO CredentialManager] Creating type OAuth
[2024-07-19 10:20:16Z INFO CredentialManager] Creating credential type: OAuth
[2024-07-19 10:20:16Z INFO HostContext] Well known directory 'Bin': '/root/hello/bin'
[2024-07-19 10:20:16Z INFO HostContext] Well known directory 'Root': '/root/hello'
[2024-07-19 10:20:16Z INFO HostContext] Well known config file 'RSACredentials': '/root/hello/.credentials_rsaparams'
[2024-07-19 10:20:16Z INFO RSAFileKeyManager] Loading RSA key parameters from file /root/hello/.credentials_rsaparams
[2024-07-19 10:20:16Z INFO MessageListener] Attempt to create session.
[2024-07-19 10:20:16Z INFO MessageListener] Connecting to the Runner Server...
[2024-07-19 10:20:16Z INFO RunnerServer] EstablishVssConnection
[2024-07-19 10:20:16Z INFO RunnerServer] Establish connection with 100 seconds timeout.
[2024-07-19 10:20:16Z INFO GitHubActionsService] Starting operation Location.GetConnectionData
[2024-07-19 10:20:17Z INFO RunnerServer] EstablishVssConnection
[2024-07-19 10:20:17Z INFO RunnerServer] Establish connection with 60 seconds timeout.
[2024-07-19 10:20:17Z INFO GitHubActionsService] Starting operation Location.GetConnectionData
[2024-07-19 10:20:17Z INFO RunnerServer] EstablishVssConnection
[2024-07-19 10:20:17Z INFO RunnerServer] Establish connection with 60 seconds timeout.
[2024-07-19 10:20:17Z INFO GitHubActionsService] Starting operation Location.GetConnectionData
[2024-07-19 10:20:17Z INFO GitHubActionsService] Finished operation Location.GetConnectionData
[2024-07-19 10:20:17Z INFO GitHubActionsService] Finished operation Location.GetConnectionData
[2024-07-19 10:20:17Z INFO GitHubActionsService] Finished operation Location.GetConnectionData
[2024-07-19 10:20:17Z INFO MessageListener] VssConnection created
[2024-07-19 10:20:17Z INFO Terminal] WRITE LINE: 
[2024-07-19 10:20:17Z INFO Terminal] WRITE LINE: 
[2024-07-19 10:20:18Z INFO RSAFileKeyManager] Loading RSA key parameters from file /root/hello/.credentials_rsaparams
[2024-07-19 10:20:18Z INFO RSAFileKeyManager] Loading RSA key parameters from file /root/hello/.credentials_rsaparams
[2024-07-19 10:20:18Z INFO GitHubActionsService] AAD Correlation ID for this token request: Unknown
[2024-07-19 10:20:18Z INFO MessageListener] Session created.
[2024-07-19 10:20:18Z INFO Terminal] WRITE LINE: Current runner version: '2.317.0'
[2024-07-19 10:20:18Z INFO Terminal] WRITE LINE: 2024-07-19 10:20:18Z: Listening for Jobs
[2024-07-19 10:20:18Z INFO JobDispatcher] Set runner/worker IPC timeout to 30 seconds.
[2024-07-19 10:20:26Z INFO Terminal] WRITE LINE: Exiting...
[2024-07-19 10:20:26Z INFO ConfigurationStore] IsServiceConfigured()
[2024-07-19 10:20:26Z INFO ConfigurationStore] IsServiceConfigured: False
[2024-07-19 10:20:26Z INFO HostContext] Runner will be shutdown for UserCancelled
[2024-07-19 10:20:26Z WARN GitHubActionsService] GET request to https://pipelinesghubeus14.actions.githubusercontent.com/ELSn8O8X3PlR8KYXXq1PVKoxVptAGb8tWZymd1URUCsrTafI7z/_apis/distributedtask/pools/1/messages?sessionId=3003d12f-441d-4281-b0da-cbc54e4ab013&status=Online&runnerVersion=2.317.0&os=Linux&architecture=X64&disableUpdate=false has been cancelled.
[2024-07-19 10:20:26Z INFO MessageListener] Get next message has been cancelled.
[2024-07-19 10:20:26Z INFO JobDispatcher] Shutting down JobDispatcher. Make sure all WorkerDispatcher has finished.
[2024-07-19 10:20:26Z INFO Runner] Deleting Runner Session...
[2024-07-19 10:20:26Z INFO Listener] Runner execution been cancelled.
