[2024-07-19 10:11:39Z INFO HostContext] No proxy settings were found based on environmental variables (http_proxy/https_proxy/HTTP_PROXY/HTTPS_PROXY)
[2024-07-19 10:11:39Z INFO HostContext] Well known directory 'Bin': '/root/hello/bin'
[2024-07-19 10:11:39Z INFO HostContext] Well known directory 'Root': '/root/hello'
[2024-07-19 10:11:39Z INFO HostContext] Well known config file 'Credentials': '/root/hello/.credentials'
[2024-07-19 10:11:39Z INFO HostContext] Well known directory 'Bin': '/root/hello/bin'
[2024-07-19 10:11:39Z INFO HostContext] Well known directory 'Root': '/root/hello'
[2024-07-19 10:11:39Z INFO HostContext] Well known config file 'Runner': '/root/hello/.runner'
[2024-07-19 10:11:39Z INFO Listener] Runner is built for Linux (X64) - linux-x64.
[2024-07-19 10:11:39Z INFO Listener] RuntimeInformation: Linux 6.8.0-38-generic #38-Ubuntu SMP PREEMPT_DYNAMIC Fri Jun  7 15:25:01 UTC 2024.
[2024-07-19 10:11:39Z INFO Listener] Version: 2.317.0
[2024-07-19 10:11:39Z INFO Listener] Commit: 6dc005ee3690a0303e0d7269b6f60295d22dcfad
[2024-07-19 10:11:39Z INFO Listener] Culture: en-US
[2024-07-19 10:11:39Z INFO Listener] UI Culture: en-US
[2024-07-19 10:11:39Z INFO HostContext] Well known directory 'Bin': '/root/hello/bin'
[2024-07-19 10:11:39Z INFO HostContext] Well known directory 'Root': '/root/hello'
[2024-07-19 10:11:39Z INFO Listener] Validating directory permissions for: '/root/hello'
[2024-07-19 10:11:39Z INFO CommandLineParser] Parse
[2024-07-19 10:11:39Z INFO CommandLineParser] Parsing 5 args
[2024-07-19 10:11:39Z INFO CommandLineParser] parsing argument
[2024-07-19 10:11:39Z INFO CommandLineParser] HasArgs: False
[2024-07-19 10:11:39Z INFO CommandLineParser] Adding Command: configure
[2024-07-19 10:11:39Z INFO CommandLineParser] parsing argument
[2024-07-19 10:11:39Z INFO CommandLineParser] HasArgs: True
[2024-07-19 10:11:39Z INFO CommandLineParser] arg: url
[2024-07-19 10:11:39Z INFO CommandLineParser] parsing argument
[2024-07-19 10:11:39Z INFO CommandLineParser] HasArgs: True
[2024-07-19 10:11:39Z INFO CommandLineParser] Adding option 'url': 'https://github.com/vultrsmile4/hello'
[2024-07-19 10:11:39Z INFO CommandLineParser] parsing argument
[2024-07-19 10:11:39Z INFO CommandLineParser] HasArgs: True
[2024-07-19 10:11:39Z INFO CommandLineParser] arg: token
[2024-07-19 10:11:39Z INFO CommandLineParser] parsing argument
[2024-07-19 10:11:39Z INFO CommandLineParser] HasArgs: True
[2024-07-19 10:11:39Z INFO CommandLineParser] Adding option 'token': '***'
[2024-07-19 10:11:39Z INFO Listener] Arguments parsed
[2024-07-19 10:11:39Z INFO Runner] ExecuteCommand
[2024-07-19 10:11:39Z INFO ConfigurationStore] currentAssemblyLocation: /root/hello/bin/Runner.Listener.dll
[2024-07-19 10:11:39Z INFO HostContext] Well known directory 'Bin': '/root/hello/bin'
[2024-07-19 10:11:39Z INFO ConfigurationStore] binPath: /root/hello/bin
[2024-07-19 10:11:39Z INFO HostContext] Well known directory 'Bin': '/root/hello/bin'
[2024-07-19 10:11:39Z INFO HostContext] Well known directory 'Root': '/root/hello'
[2024-07-19 10:11:39Z INFO ConfigurationStore] RootFolder: /root/hello
[2024-07-19 10:11:39Z INFO HostContext] Well known directory 'Bin': '/root/hello/bin'
[2024-07-19 10:11:39Z INFO HostContext] Well known directory 'Root': '/root/hello'
[2024-07-19 10:11:39Z INFO HostContext] Well known config file 'Runner': '/root/hello/.runner'
[2024-07-19 10:11:39Z INFO ConfigurationStore] ConfigFilePath: /root/hello/.runner
[2024-07-19 10:11:39Z INFO HostContext] Well known directory 'Bin': '/root/hello/bin'
[2024-07-19 10:11:39Z INFO HostContext] Well known directory 'Root': '/root/hello'
[2024-07-19 10:11:39Z INFO HostContext] Well known config file 'Credentials': '/root/hello/.credentials'
[2024-07-19 10:11:39Z INFO ConfigurationStore] CredFilePath: /root/hello/.credentials
[2024-07-19 10:11:39Z INFO HostContext] Well known directory 'Bin': '/root/hello/bin'
[2024-07-19 10:11:39Z INFO HostContext] Well known directory 'Root': '/root/hello'
[2024-07-19 10:11:39Z INFO HostContext] Well known config file 'MigratedCredentials': '/root/hello/.credentials_migrated'
[2024-07-19 10:11:39Z INFO ConfigurationStore] MigratedCredFilePath: /root/hello/.credentials_migrated
[2024-07-19 10:11:39Z INFO HostContext] Well known directory 'Bin': '/root/hello/bin'
[2024-07-19 10:11:39Z INFO HostContext] Well known directory 'Root': '/root/hello'
[2024-07-19 10:11:39Z INFO HostContext] Well known config file 'Service': '/root/hello/.service'
[2024-07-19 10:11:39Z INFO ConfigurationStore] ServiceConfigFilePath: /root/hello/.service
[2024-07-19 10:11:39Z INFO CommandSettings] Flag 'help': 'False'
[2024-07-19 10:11:39Z INFO CommandSettings] Flag 'version': 'False'
[2024-07-19 10:11:39Z INFO CommandSettings] Flag 'commit': 'False'
[2024-07-19 10:11:39Z INFO CommandSettings] Flag 'check': 'False'
[2024-07-19 10:11:39Z INFO CommandSettings] Command 'configure': 'True'
[2024-07-19 10:11:39Z INFO Terminal] WRITE LINE: 
[2024-07-19 10:11:39Z INFO Terminal] WRITE LINE: --------------------------------------------------------------------------------
[2024-07-19 10:11:39Z INFO Terminal] WRITE LINE: |        ____ _ _   _   _       _          _        _   _                      |
[2024-07-19 10:11:39Z INFO Terminal] WRITE LINE: |       / ___(_) |_| | | |_   _| |__      / \   ___| |_(_) ___  _ __  ___      |
[2024-07-19 10:11:39Z INFO Terminal] WRITE LINE: |      | |  _| | __| |_| | | | | '_ \    / _ \ / __| __| |/ _ \| '_ \/ __|     |
[2024-07-19 10:11:39Z INFO Terminal] WRITE LINE: |      | |_| | | |_|  _  | |_| | |_) |  / ___ \ (__| |_| | (_) | | | \__ \     |
[2024-07-19 10:11:39Z INFO Terminal] WRITE LINE: |       \____|_|\__|_| |_|\__,_|_.__/  /_/   \_\___|\__|_|\___/|_| |_|___/     |
[2024-07-19 10:11:39Z INFO Terminal] WRITE LINE: |                                                                              |
[2024-07-19 10:11:39Z INFO Terminal] WRITE: |                       
[2024-07-19 10:11:39Z INFO Terminal] WRITE: Self-hosted runner registration
[2024-07-19 10:11:39Z INFO Terminal] WRITE LINE:                         |
[2024-07-19 10:11:39Z INFO Terminal] WRITE LINE: |                                                                              |
[2024-07-19 10:11:39Z INFO Terminal] WRITE LINE: --------------------------------------------------------------------------------
[2024-07-19 10:11:39Z INFO ConfigurationManager] ConfigureAsync
[2024-07-19 10:11:39Z INFO CommandSettings] Flag 'generateServiceConfig': 'False'
[2024-07-19 10:11:39Z INFO ConfigurationStore] IsConfigured()
[2024-07-19 10:11:39Z INFO ConfigurationStore] IsConfigured: False
[2024-07-19 10:11:39Z INFO ConfigurationManager] Is configured: False
[2024-07-19 10:11:39Z INFO CommandSettings] Arg 'url': 'https://github.com/vultrsmile4/hello'
[2024-07-19 10:11:39Z INFO CommandSettings] Remove url from Arg dictionary.
[2024-07-19 10:11:39Z INFO CommandSettings] Arg 'token': '***'
[2024-07-19 10:11:39Z INFO CommandSettings] Remove token from Arg dictionary.
[2024-07-19 10:11:40Z INFO ConfigurationManager] Http response code: OK from 'POST https://api.github.com/actions/runner-registration' (DFC8:8CAF2:1C58041:1DEA771:669A3BDB)
[2024-07-19 10:11:40Z INFO ConfigurationManager] Using V2 flow: False
[2024-07-19 10:11:40Z INFO ConfigurationManager] cred retrieved via GitHub auth
[2024-07-19 10:11:40Z INFO RunnerServer] EstablishVssConnection
[2024-07-19 10:11:40Z INFO RunnerServer] Establish connection with 100 seconds timeout.
[2024-07-19 10:11:40Z INFO GitHubActionsService] Starting operation Location.GetConnectionData
[2024-07-19 10:11:40Z INFO RunnerServer] EstablishVssConnection
[2024-07-19 10:11:40Z INFO RunnerServer] Establish connection with 60 seconds timeout.
[2024-07-19 10:11:40Z INFO GitHubActionsService] Starting operation Location.GetConnectionData
[2024-07-19 10:11:40Z INFO RunnerServer] EstablishVssConnection
[2024-07-19 10:11:40Z INFO RunnerServer] Establish connection with 60 seconds timeout.
[2024-07-19 10:11:40Z INFO GitHubActionsService] Starting operation Location.GetConnectionData
[2024-07-19 10:11:40Z INFO GitHubActionsService] Finished operation Location.GetConnectionData
[2024-07-19 10:11:40Z INFO GitHubActionsService] Finished operation Location.GetConnectionData
[2024-07-19 10:11:40Z INFO GitHubActionsService] Finished operation Location.GetConnectionData
[2024-07-19 10:11:41Z INFO Terminal] WRITE LINE: 
[2024-07-19 10:11:41Z INFO ConfigurationManager] Test Connection complete.
[2024-07-19 10:11:41Z INFO HostContext] Well known directory 'Bin': '/root/hello/bin'
[2024-07-19 10:11:41Z INFO HostContext] Well known directory 'Root': '/root/hello'
[2024-07-19 10:11:41Z INFO HostContext] Well known config file 'RSACredentials': '/root/hello/.credentials_rsaparams'
[2024-07-19 10:11:41Z INFO RSAFileKeyManager] Creating new RSA key using 2048-bit key length
[2024-07-19 10:11:41Z INFO RSAFileKeyManager] Successfully saved RSA key parameters to file /root/hello/.credentials_rsaparams
[2024-07-19 10:11:41Z INFO RSAFileKeyManager] Which2: 'chmod'
[2024-07-19 10:11:41Z INFO RSAFileKeyManager] Location: '/usr/bin/chmod'
[2024-07-19 10:11:41Z INFO HostContext] Well known directory 'Bin': '/root/hello/bin'
[2024-07-19 10:11:41Z INFO HostContext] Well known directory 'Root': '/root/hello'
[2024-07-19 10:11:41Z INFO ProcessInvokerWrapper] Starting process:
[2024-07-19 10:11:41Z INFO ProcessInvokerWrapper]   File name: '/usr/bin/chmod'
[2024-07-19 10:11:41Z INFO ProcessInvokerWrapper]   Arguments: '600 /root/hello/.credentials_rsaparams'
[2024-07-19 10:11:41Z INFO ProcessInvokerWrapper]   Working directory: '/root/hello'
[2024-07-19 10:11:41Z INFO ProcessInvokerWrapper]   Require exit code zero: 'False'
[2024-07-19 10:11:41Z INFO ProcessInvokerWrapper]   Encoding web name:  ; code page: ''
[2024-07-19 10:11:41Z INFO ProcessInvokerWrapper]   Force kill process on cancellation: 'False'
[2024-07-19 10:11:41Z INFO ProcessInvokerWrapper]   Redirected STDIN: 'False'
[2024-07-19 10:11:41Z INFO ProcessInvokerWrapper]   Persist current code page: 'False'
[2024-07-19 10:11:41Z INFO ProcessInvokerWrapper]   Keep redirected STDIN open: 'False'
[2024-07-19 10:11:41Z INFO ProcessInvokerWrapper]   High priority process: 'False'
[2024-07-19 10:11:41Z INFO ProcessInvokerWrapper] Process started with process id 4837, waiting for process exit.
[2024-07-19 10:11:41Z INFO ProcessInvokerWrapper] STDOUT/STDERR stream read finished.
[2024-07-19 10:11:41Z INFO ProcessInvokerWrapper] STDOUT/STDERR stream read finished.
[2024-07-19 10:11:41Z INFO ProcessInvokerWrapper] Finished process 4837 with exit code 0, and elapsed time 00:00:00.0134957.
[2024-07-19 10:11:41Z INFO RSAFileKeyManager] Successfully set permissions for RSA key parameters file /root/hello/.credentials_rsaparams
[2024-07-19 10:11:41Z INFO CommandSettings] Arg 'runnergroup': ''
[2024-07-19 10:11:41Z INFO CommandSettings] Flag 'unattended': 'False'
[2024-07-19 10:11:41Z INFO PromptManager] ReadValue
[2024-07-19 10:11:41Z INFO Terminal] WRITE: Enter the name of the runner group to add this runner to: 
[2024-07-19 10:11:41Z INFO Terminal] WRITE: [press Enter for Default] 
[2024-07-19 10:11:41Z INFO Terminal] READ LINE
[2024-07-19 10:11:52Z INFO Terminal] Read value: ''
[2024-07-19 10:11:52Z INFO PromptManager] Falling back to the default: 'Default'
[2024-07-19 10:11:52Z INFO Terminal] WRITE LINE: 
[2024-07-19 10:11:52Z INFO ConfigurationManager] Found a self-hosted runner group with id 1 and name Default
[2024-07-19 10:11:52Z INFO CommandSettings] Flag 'disableupdate': 'False'
[2024-07-19 10:11:52Z INFO CommandSettings] Flag 'ephemeral': 'False'
[2024-07-19 10:11:52Z INFO CommandSettings] Arg 'name': ''
[2024-07-19 10:11:52Z INFO CommandSettings] Flag 'unattended': 'False'
[2024-07-19 10:11:52Z INFO PromptManager] ReadValue
[2024-07-19 10:11:52Z INFO Terminal] WRITE: Enter the name of runner: 
[2024-07-19 10:11:52Z INFO Terminal] WRITE: [press Enter for vultr] 
[2024-07-19 10:11:52Z INFO Terminal] READ LINE
[2024-07-19 10:11:58Z INFO Terminal] Read value: ''
[2024-07-19 10:11:58Z INFO PromptManager] Falling back to the default: 'vultr'
[2024-07-19 10:11:58Z INFO Terminal] WRITE LINE: 
[2024-07-19 10:11:58Z INFO CommandSettings] Arg 'labels': ''
[2024-07-19 10:11:58Z INFO CommandSettings] Flag 'unattended': 'False'
[2024-07-19 10:11:58Z INFO PromptManager] ReadValue
[2024-07-19 10:11:58Z INFO Terminal] WRITE: This runner will have the following labels: 'self-hosted', 'Linux', 'X64' 
Enter any additional labels (ex. label-1,label-2): 
[2024-07-19 10:11:58Z INFO Terminal] WRITE: [press Enter to skip] 
[2024-07-19 10:11:58Z INFO Terminal] READ LINE
[2024-07-19 10:12:04Z INFO Terminal] Read value: 'vultr1'
[2024-07-19 10:12:04Z INFO Terminal] WRITE LINE: 
[2024-07-19 10:12:04Z INFO CommandSettings] Flag 'disableupdate': 'False'
[2024-07-19 10:12:04Z INFO CommandSettings] Flag 'no-default-labels': 'False'
[2024-07-19 10:12:04Z INFO CommandSettings] Flag 'disableupdate': 'False'
[2024-07-19 10:12:04Z INFO CommandSettings] Flag 'ephemeral': 'False'
[2024-07-19 10:12:04Z INFO ConfigurationStore] Saving OAuth credential @ /root/hello/.credentials
[2024-07-19 10:12:04Z INFO ConfigurationStore] Credentials Saved.
[2024-07-19 10:12:04Z INFO ConfigurationStore] HasCredentials()
[2024-07-19 10:12:04Z INFO ConfigurationStore] stored True
[2024-07-19 10:12:04Z INFO CredentialManager] GetCredentialProvider
[2024-07-19 10:12:04Z INFO CredentialManager] Creating type OAuth
[2024-07-19 10:12:04Z INFO CredentialManager] Creating credential type: OAuth
[2024-07-19 10:12:04Z INFO RSAFileKeyManager] Loading RSA key parameters from file /root/hello/.credentials_rsaparams
[2024-07-19 10:12:05Z INFO RunnerServer] EstablishVssConnection
[2024-07-19 10:12:05Z INFO RunnerServer] Establish connection with 100 seconds timeout.
[2024-07-19 10:12:05Z INFO GitHubActionsService] Starting operation Location.GetConnectionData
[2024-07-19 10:12:05Z INFO RunnerServer] EstablishVssConnection
[2024-07-19 10:12:05Z INFO RunnerServer] Establish connection with 60 seconds timeout.
[2024-07-19 10:12:05Z INFO GitHubActionsService] Starting operation Location.GetConnectionData
[2024-07-19 10:12:05Z INFO RunnerServer] EstablishVssConnection
[2024-07-19 10:12:05Z INFO RunnerServer] Establish connection with 60 seconds timeout.
[2024-07-19 10:12:05Z INFO GitHubActionsService] Starting operation Location.GetConnectionData
[2024-07-19 10:12:05Z INFO GitHubActionsService] Finished operation Location.GetConnectionData
[2024-07-19 10:12:05Z INFO GitHubActionsService] Finished operation Location.GetConnectionData
[2024-07-19 10:12:05Z INFO GitHubActionsService] Finished operation Location.GetConnectionData
[2024-07-19 10:12:05Z INFO RSAFileKeyManager] Loading RSA key parameters from file /root/hello/.credentials_rsaparams
[2024-07-19 10:12:05Z INFO RSAFileKeyManager] Loading RSA key parameters from file /root/hello/.credentials_rsaparams
[2024-07-19 10:12:06Z INFO GitHubActionsService] AAD Correlation ID for this token request: Unknown
[2024-07-19 10:12:06Z INFO CommandSettings] Arg 'work': ''
[2024-07-19 10:12:06Z INFO CommandSettings] Flag 'unattended': 'False'
[2024-07-19 10:12:06Z INFO PromptManager] ReadValue
[2024-07-19 10:12:06Z INFO Terminal] WRITE: Enter name of work folder: 
[2024-07-19 10:12:06Z INFO Terminal] WRITE: [press Enter for _work] 
[2024-07-19 10:12:06Z INFO Terminal] READ LINE
[2024-07-19 10:12:11Z INFO Terminal] Read value: ''
[2024-07-19 10:12:11Z INFO PromptManager] Falling back to the default: '_work'
[2024-07-19 10:12:11Z INFO ConfigurationStore] Saving runner settings.
[2024-07-19 10:12:11Z INFO ConfigurationStore] Settings Saved.
[2024-07-19 10:12:11Z INFO Terminal] WRITE LINE: 
[2024-07-19 10:12:11Z INFO Terminal] WRITE LINE: 
[2024-07-19 10:12:11Z INFO SystemDControlManager] Service name 'actions.runner.vultrsmile4-hello.vultr.service' display name 'GitHub Actions Runner (vultrsmile4-hello.vultr)' will be used for service configuration.
[2024-07-19 10:12:11Z INFO HostContext] Well known directory 'Bin': '/root/hello/bin'
[2024-07-19 10:12:11Z INFO HostContext] Well known directory 'Root': '/root/hello'
[2024-07-19 10:12:11Z INFO HostContext] Well known directory 'Bin': '/root/hello/bin'
[2024-07-19 10:12:11Z INFO HostContext] Well known directory 'Bin': '/root/hello/bin'
[2024-07-19 10:12:11Z INFO HostContext] Well known directory 'Root': '/root/hello'
[2024-07-19 10:12:11Z INFO UnixUtil] Which2: 'chmod'
[2024-07-19 10:12:11Z INFO UnixUtil] Location: '/usr/bin/chmod'
[2024-07-19 10:12:11Z INFO UnixUtil] Running /usr/bin/chmod 755 "/root/hello/svc.sh"
[2024-07-19 10:12:11Z INFO ProcessInvokerWrapper] Starting process:
[2024-07-19 10:12:11Z INFO ProcessInvokerWrapper]   File name: '/usr/bin/chmod'
[2024-07-19 10:12:11Z INFO ProcessInvokerWrapper]   Arguments: '755 "/root/hello/svc.sh"'
[2024-07-19 10:12:11Z INFO ProcessInvokerWrapper]   Working directory: '/root/hello'
[2024-07-19 10:12:11Z INFO ProcessInvokerWrapper]   Require exit code zero: 'True'
[2024-07-19 10:12:11Z INFO ProcessInvokerWrapper]   Encoding web name:  ; code page: ''
[2024-07-19 10:12:11Z INFO ProcessInvokerWrapper]   Force kill process on cancellation: 'False'
[2024-07-19 10:12:11Z INFO ProcessInvokerWrapper]   Redirected STDIN: 'False'
[2024-07-19 10:12:11Z INFO ProcessInvokerWrapper]   Persist current code page: 'False'
[2024-07-19 10:12:11Z INFO ProcessInvokerWrapper]   Keep redirected STDIN open: 'False'
[2024-07-19 10:12:11Z INFO ProcessInvokerWrapper]   High priority process: 'False'
[2024-07-19 10:12:11Z INFO ProcessInvokerWrapper] Updated oom_score_adj to 500 for PID: 4842.
[2024-07-19 10:12:11Z INFO ProcessInvokerWrapper] Process started with process id 4842, waiting for process exit.
[2024-07-19 10:12:11Z INFO ProcessInvokerWrapper] STDOUT/STDERR stream read finished.
[2024-07-19 10:12:11Z INFO ProcessInvokerWrapper] STDOUT/STDERR stream read finished.
[2024-07-19 10:12:11Z INFO ProcessInvokerWrapper] Finished process 4842 with exit code 0, and elapsed time 00:00:00.0037607.
[2024-07-19 10:12:11Z INFO Listener] Runner execution has finished with return code 0
